21.1796 	INFO 	Loaded monitor calibration from ['2026_05_11 13:53']
21.2127 	WARNING 	User requested fullscreen with size [1024  768], but screen is actually [1920, 1080]. Using actual size
21.6131 	INFO 	Using renderer 'AMD Radeon(TM) Graphics' for graphics
21.6131 	INFO 	OpenGL version supported by driver is 4..
21.9446 	EXP 	Created window1 = Window(allowGUI=False, allowStencil=False, autoLog=True, backendConf=UNKNOWN, backgroundFit=<method-wrapper '__getattribute__' of attributeSetter object at 0x000001A52CC5C9D0>, backgroundImage=<method-wrapper '__getattribute__' of attributeSetter object at 0x000001A531F4BED0>, bitsMode=UNKNOWN, blendMode='avg', bpc=(8, 8, 8), color=array([-1., -1., -1.]), colorSpace='rgb', depthBits=8, fullscr=True, gamma=None, gammaErrorPolicy='raise', infoMsg=UNKNOWN, lms=UNKNOWN, monitor=<psychopy.monitors.calibTools.Monitor object at 0x000001A5346BA0D0>, multiSample=False, name='window1', numSamples=2, pos=[np.float64(0.0), np.float64(0.0)], screen=0, size=array([1920, 1080]), stencilBits=0, stereo=False, title='PsychoPy', units='height', useFBO=True, useRetina=False, viewOri=0.0, viewPos=None, viewScale=None, waitBlanking=True, winType='pyglet')
21.9452 	EXP 	window1: backgroundImage = ''
21.9453 	EXP 	window1: backgroundFit = 'none'
22.3589 	INFO 	keyboard.Keyboard is using ptb backend.
22.3590 	EXP 	DB-BMI: status = STARTED
22.4759 	EXP 	Created instructionsText = TextStim(__class__=<class 'psychopy.visual.text.TextStim'>, alignHoriz=method-wrapper(...), alignText='center', alignVert=method-wrapper(...), anchorHoriz='center', anchorVert='center', antialias=True, autoDraw=False, autoLog=True, bold=False, color=array([1., 1., 1.]), colorSpace='rgb', contrast=1.0, depth=0.0, draggable=False, flipHoriz=False, flipVert=False, font='Arial', fontFiles=[], height=np.float64(0.05), italic=False, languageStyle='LTR', name='instructionsText', opacity=1.0, ori=0.0, pos=array([0., 0.]), rgb=UNKNOWN, text=str(...), units='height', win=Window(...), wrapWidth=1)
22.4865 	EXP 	Created welcomeText = TextStim(__class__=<class 'psychopy.visual.text.TextStim'>, alignHoriz=method-wrapper(...), alignText='center', alignVert=method-wrapper(...), anchorHoriz='center', anchorVert='center', antialias=True, autoDraw=False, autoLog=True, bold=False, color=array([1., 1., 1.]), colorSpace='rgb', contrast=1.0, depth=-1.0, draggable=False, flipHoriz=False, flipVert=False, font='Arial', fontFiles=[], height=np.float64(0.05), italic=False, languageStyle='LTR', name='welcomeText', opacity=1.0, ori=0.0, pos=array([0., 0.]), rgb=UNKNOWN, text=str(...), units='height', win=Window(...), wrapWidth=1)
22.5023 	EXP 	Created BaselineText = TextStim(__class__=<class 'psychopy.visual.text.TextStim'>, alignHoriz=method-wrapper(...), alignText='center', alignVert=method-wrapper(...), anchorHoriz='center', anchorVert='center', antialias=True, autoDraw=False, autoLog=True, bold=False, color=array([1., 1., 1.]), colorSpace='rgb', contrast=1.0, depth=0.0, draggable=False, flipHoriz=False, flipVert=False, font='Arial', fontFiles=[], height=np.float64(0.05), italic=False, languageStyle='LTR', name='BaselineText', opacity=1.0, ori=0.0, pos=array([0., 0.]), rgb=UNKNOWN, text=str(...), units='height', win=Window(...), wrapWidth=1)
22.5091 	EXP 	Created ReadyText = TextStim(__class__=<class 'psychopy.visual.text.TextStim'>, alignHoriz=method-wrapper(...), alignText='center', alignVert=method-wrapper(...), anchorHoriz='center', anchorVert='center', antialias=True, autoDraw=False, autoLog=True, bold=False, color=array([1., 1., 1.]), colorSpace='rgb', contrast=1.0, depth=0.0, draggable=False, flipHoriz=False, flipVert=False, font='Arial', fontFiles=[], height=np.float64(0.05), italic=False, languageStyle='LTR', name='ReadyText', opacity=1.0, ori=0.0, pos=array([0., 0.]), rgb=UNKNOWN, text='You are now ready to start listening to music!', units='height', win=Window(...), wrapWidth=1)
22.6658 	INFO 	Loaded psychtoolbox audio version 3.0.19.696976569
22.8104 	WARNING 	No default speaker specified in Preferences / Hardware, using first speaker found: Speakers (C-Media(R) Audio)
23.1959 	INFO 	Created stream for speaker device: Speakers (C-Media(R) Audio) (6.0)
23.1983 	EXP 	baselineBeep: sampleRate = 48000
23.1984 	EXP 	baselineBeep: channels = None
23.2003 	EXP 	Sound baselineBeep set volume 1.000
23.2104 	EXP 	Created PreSongBaselineText = TextStim(__class__=<class 'psychopy.visual.text.TextStim'>, alignHoriz=method-wrapper(...), alignText='center', alignVert=method-wrapper(...), anchorHoriz='center', anchorVert='center', antialias=True, autoDraw=False, autoLog=True, bold=False, color=array([1., 1., 1.]), colorSpace='rgb', contrast=1.0, depth=0.0, draggable=False, flipHoriz=False, flipVert=False, font='Arial', fontFiles=[], height=np.float64(0.05), italic=False, languageStyle='LTR', name='PreSongBaselineText', opacity=1.0, ori=0.0, pos=array([0., 0.]), rgb=UNKNOWN, text=str(...), units='height', win=Window(...), wrapWidth=1)
23.2116 	EXP 	Created CloseEyesText = TextStim(__class__=<class 'psychopy.visual.text.TextStim'>, alignHoriz=method-wrapper(...), alignText='center', alignVert=method-wrapper(...), anchorHoriz='center', anchorVert='center', antialias=True, autoDraw=False, autoLog=True, bold=False, color=array([1., 1., 1.]), colorSpace='rgb', contrast=1.0, depth=-1.0, draggable=False, flipHoriz=False, flipVert=False, font='Arial', fontFiles=[], height=0.05, italic=False, languageStyle='LTR', name='CloseEyesText', opacity=1.0, ori=0.0, pos=array([0., 0.]), rgb=UNKNOWN, text='', units='height', win=Window(...), wrapWidth=1)
23.2358 	WARNING 	No default speaker specified in Preferences / Hardware, using first speaker found: Speakers (C-Media(R) Audio)
23.2456 	INFO 	Created stream for speaker device: Speakers (C-Media(R) Audio) (6.0)
23.2475 	EXP 	song_played: sampleRate = 48000
23.2476 	EXP 	song_played: channels = None
23.2625 	EXP 	Sound song_played set volume 1.000
23.2871 	WARNING 	No default speaker specified in Preferences / Hardware, using first speaker found: Speakers (C-Media(R) Audio)
23.2966 	INFO 	Created stream for speaker device: Speakers (C-Media(R) Audio) (6.0)
23.2986 	EXP 	beep: sampleRate = 48000
23.2987 	EXP 	beep: channels = None
23.3003 	EXP 	Sound beep set volume 1.000
23.3208 	EXP 	Created ExcitementText = TextStim(__class__=<class 'psychopy.visual.text.TextStim'>, alignHoriz=method-wrapper(...), alignText='center', alignVert=method-wrapper(...), anchorHoriz='center', anchorVert='center', antialias=True, autoDraw=False, autoLog=True, bold=False, color=array([1., 1., 1.]), colorSpace='rgb', contrast=1.0, depth=0, draggable=False, flipHoriz=False, flipVert=False, font='Arial', fontFiles=[], height=np.float64(0.05), italic=False, languageStyle='LTR', name='ExcitementText', opacity=1.0, ori=0.0, pos=array([0., 0.]), rgb=UNKNOWN, text=str(...), units='height', win=Window(...), wrapWidth=1)
23.3339 	EXP 	Created AbsorptionText = TextStim(__class__=<class 'psychopy.visual.text.TextStim'>, alignHoriz=method-wrapper(...), alignText='center', alignVert=method-wrapper(...), anchorHoriz='center', anchorVert='center', antialias=True, autoDraw=False, autoLog=True, bold=False, color=array([1., 1., 1.]), colorSpace='rgb', contrast=1.0, depth=0, draggable=False, flipHoriz=False, flipVert=False, font='Arial', fontFiles=[], height=np.float64(0.05), italic=False, languageStyle='LTR', name='AbsorptionText', opacity=1.0, ori=0.0, pos=array([0., 0.]), rgb=UNKNOWN, text=str(...), units='height', win=Window(...), wrapWidth=1)
23.3485 	EXP 	Created ArousalText = TextStim(__class__=<class 'psychopy.visual.text.TextStim'>, alignHoriz=method-wrapper(...), alignText='center', alignVert=method-wrapper(...), anchorHoriz='center', anchorVert='center', antialias=True, autoDraw=False, autoLog=True, bold=False, color=array([1., 1., 1.]), colorSpace='rgb', contrast=1.0, depth=0, draggable=False, flipHoriz=False, flipVert=False, font='Arial', fontFiles=[], height=np.float64(0.05), italic=False, languageStyle='LTR', name='ArousalText', opacity=1.0, ori=0.0, pos=array([0., 0.]), rgb=UNKNOWN, text=str(...), units='height', win=Window(...), wrapWidth=1)
23.3644 	EXP 	Created ValenceText = TextStim(__class__=<class 'psychopy.visual.text.TextStim'>, alignHoriz=method-wrapper(...), alignText='center', alignVert=method-wrapper(...), anchorHoriz='center', anchorVert='center', antialias=True, autoDraw=False, autoLog=True, bold=False, color=array([1., 1., 1.]), colorSpace='rgb', contrast=1.0, depth=0, draggable=False, flipHoriz=False, flipVert=False, font='Arial', fontFiles=[], height=np.float64(0.05), italic=False, languageStyle='LTR', name='ValenceText', opacity=1.0, ori=0.0, pos=array([0., 0.]), rgb=UNKNOWN, text=str(...), units='height', win=Window(...), wrapWidth=1)
23.3784 	EXP 	Created PreferenceText = TextStim(__class__=<class 'psychopy.visual.text.TextStim'>, alignHoriz=method-wrapper(...), alignText='center', alignVert=method-wrapper(...), anchorHoriz='center', anchorVert='center', antialias=True, autoDraw=False, autoLog=True, bold=False, color=array([1., 1., 1.]), colorSpace='rgb', contrast=1.0, depth=0, draggable=False, flipHoriz=False, flipVert=False, font='Arial', fontFiles=[], height=np.float64(0.05), italic=False, languageStyle='LTR', name='PreferenceText', opacity=1.0, ori=0.0, pos=array([0., 0.]), rgb=UNKNOWN, text=str(...), units='height', win=Window(...), wrapWidth=1)
23.3989 	EXP 	Created LifePurposeText = TextStim(__class__=<class 'psychopy.visual.text.TextStim'>, alignHoriz=method-wrapper(...), alignText='center', alignVert=method-wrapper(...), anchorHoriz='center', anchorVert='center', antialias=True, autoDraw=False, autoLog=True, bold=False, color=array([1., 1., 1.]), colorSpace='rgb', contrast=1.0, depth=0, draggable=False, flipHoriz=False, flipVert=False, font='Arial', fontFiles=[], height=np.float64(0.05), italic=False, languageStyle='LTR', name='LifePurposeText', opacity=1.0, ori=0.0, pos=array([0., 0.]), rgb=UNKNOWN, text=str(...), units='height', win=Window(...), wrapWidth=1)
23.4208 	EXP 	Created ReducingStressText = TextStim(__class__=<class 'psychopy.visual.text.TextStim'>, alignHoriz=method-wrapper(...), alignText='center', alignVert=method-wrapper(...), anchorHoriz='center', anchorVert='center', antialias=True, autoDraw=False, autoLog=True, bold=False, color=array([1., 1., 1.]), colorSpace='rgb', contrast=1.0, depth=0, draggable=False, flipHoriz=False, flipVert=False, font='Arial', fontFiles=[], height=np.float64(0.05), italic=False, languageStyle='LTR', name='ReducingStressText', opacity=1.0, ori=0.0, pos=array([0., 0.]), rgb=UNKNOWN, text=str(...), units='height', win=Window(...), wrapWidth=1)
23.4369 	EXP 	Created PleasureText = TextStim(__class__=<class 'psychopy.visual.text.TextStim'>, alignHoriz=method-wrapper(...), alignText='center', alignVert=method-wrapper(...), anchorHoriz='center', anchorVert='center', antialias=True, autoDraw=False, autoLog=True, bold=False, color=array([1., 1., 1.]), colorSpace='rgb', contrast=1.0, depth=0, draggable=False, flipHoriz=False, flipVert=False, font='Arial', fontFiles=[], height=np.float64(0.05), italic=False, languageStyle='LTR', name='PleasureText', opacity=1.0, ori=0.0, pos=array([0., 0.]), rgb=UNKNOWN, text=str(...), units='height', win=Window(...), wrapWidth=1)
23.4462 	EXP 	Created ThankYouText = TextStim(__class__=<class 'psychopy.visual.text.TextStim'>, alignHoriz=method-wrapper(...), alignText='center', alignVert=method-wrapper(...), anchorHoriz='center', anchorVert='center', antialias=True, autoDraw=False, autoLog=True, bold=False, color=array([1., 1., 1.]), colorSpace='rgb', contrast=1.0, depth=0, draggable=False, flipHoriz=False, flipVert=False, font='Arial', fontFiles=[], height=np.float64(0.05), italic=False, languageStyle='LTR', name='ThankYouText', opacity=1.0, ori=0.0, pos=array([0., 0.]), rgb=UNKNOWN, text=str(...), units='height', win=Window(...), wrapWidth=1)
23.4477 	EXP 	Created Summary = TextStim(__class__=<class 'psychopy.visual.text.TextStim'>, alignHoriz=method-wrapper(...), alignText='center', alignVert=method-wrapper(...), anchorHoriz='center', anchorVert='center', antialias=True, autoDraw=False, autoLog=True, bold=False, color=array([1., 1., 1.]), colorSpace='rgb', contrast=1.0, depth=-1.0, draggable=False, flipHoriz=False, flipVert=False, font='Arial', fontFiles=[], height=0.05, italic=False, languageStyle='LTR', name='Summary', opacity=1.0, ori=0.0, pos=array([0., 0.]), rgb=UNKNOWN, text='', units='height', win=Window(...), wrapWidth=1)
1.7630 	WARNING 	Keypress was given unknown key code (176)
1.7791 	EXP 	Device response: <KeyPress from None: t=-0.9251980000003641, value=unknown, duration=None>
1.7792 	EXP 	Device response: <KeyPress from None: t=-0.9251980000003641, value=unknown, duration=0.10050290000026507>
1.7955 	EXP 	welcomeText: autoDraw = True
1.9629 	WARNING 	Keypress was given unknown key code (174)
1.9631 	EXP 	Device response: <KeyPress from None: t=1.9527505999999448, value=unknown, duration=None>
2.0796 	EXP 	Device response: <KeyPress from None: t=1.9527505999999448, value=unknown, duration=0.11252960000001622>
2.1633 	WARNING 	Keypress was given unknown key code (174)
2.1634 	EXP 	Device response: <KeyPress from None: t=2.148384399999941, value=unknown, duration=None>
2.2297 	EXP 	Device response: <KeyPress from None: t=2.148384399999941, value=unknown, duration=0.07575689999976021>
3.0124 	EXP 	instructionsText: autoDraw = True
4.7791 	EXP 	welcomeText: autoDraw = False
13.0119 	EXP 	instructionsText: autoDraw = False
13.0119 	EXP 	instructionsText: autoDraw = False
13.0119 	EXP 	welcomeText: autoDraw = False
13.0119 	EXP 	BaselineText: autoDraw = True
73.1614 	EXP 	baselineBeep: sampleRate = 44100
73.1761 	INFO 	Resampled audio from 44100Hz to 48000Hz using method 'default'.
73.1775 	EXP 	Sound baselineBeep reached end of file
73.1930 	EXP 	Playing sound baselineBeep on speaker Speakers (C-Media(R) Audio)
73.1928 	EXP 	BaselineText: autoDraw = False
73.1928 	EXP 	ReadyText: autoDraw = True
74.1856 	EXP 	Sound baselineBeep stopped
77.3798 	EXP 	Imported dur_song_diversity_100.csv - Sheet1.csv as conditions, 5 conditions, 3 params
77.3818 	EXP 	New trial (rep=0, index=0): <Trial 0 (0 in rep 0) data={'song': 'taylor swift - lavender haze', 'filePath': 'diverse_playlist_100_songs/taylor swift - lavender haze.mp3', 'songDuration': np.int64(207), 'thisN': 0, 'thisTrialN': 0, 'thisRepN': 0}>
77.4215 	EXP 	ReadyText: autoDraw = False
77.4215 	EXP 	ReadyText: autoDraw = False
77.4215 	EXP 	PreSongBaselineText: height = np.float64(0.05)
77.4215 	EXP 	PreSongBaselineText: height = np.float64(0.05)
77.4215 	EXP 	PreSongBaselineText: height = np.float64(0.05)
77.4215 	EXP 	PreSongBaselineText: text = 'Song 1/5\n\nRecording 10-second resting baseline...\n\nPlease close your eyes and remain still.'
77.4215 	EXP 	PreSongBaselineText: autoDraw = True
87.5076 	EXP 	song_played: sampleRate = 48000
88.1645 	EXP 	Sound song_played reached end of file
88.1715 	EXP 	Playing sound song_played on speaker Speakers (C-Media(R) Audio)
88.1707 	EXP 	PreSongBaselineText: autoDraw = False
88.1707 	EXP 	PreSongBaselineText: autoDraw = False
88.1707 	EXP 	CloseEyesText: height = np.float64(0.05)
88.1707 	EXP 	CloseEyesText: height = np.float64(0.05)
88.1707 	EXP 	CloseEyesText: height = np.float64(0.05)
88.1707 	EXP 	CloseEyesText: text = 'Please close your eyes\n\nThe song will begin to play shortly\n'
88.1707 	EXP 	CloseEyesText: autoDraw = True
91.1708 	EXP 	CloseEyesText: autoDraw = False
181.1672 	EXP 	Sound song_played stopped
181.3378 	EXP 	beep: sampleRate = 44100
181.3408 	INFO 	Resampled audio from 44100Hz to 48000Hz using method 'default'.
181.3416 	EXP 	Sound beep reached end of file
181.3546 	EXP 	Playing sound beep on speaker Speakers (C-Media(R) Audio)
181.3586 	EXP 	CloseEyesText: autoDraw = False
182.3508 	EXP 	Sound beep stopped
182.3589 	INFO 	Keyboard events cleared
182.3587 	EXP 	ExcitementText: autoDraw = True
185.6090 	EXP 	Device response: <KeyPress from None: t=185.59482660000003, value=5, duration=None>
185.8398 	INFO 	saved data to c:\Users\enriq\OneDrive\Documents\GitHub\ucsd-brain-to-music-interface\data\enrique526_DB-BMI_2026-05-26_11h51.14.490.psydat
185.8421 	INFO 	saved data to 'c:\\Users\\enriq\\OneDrive\\Documents\\GitHub\\ucsd-brain-to-music-interface\\data\\enrique526_DB-BMI_2026-05-26_11h51.14.490.csv'
187.6318 	INFO 	Stopping keyboard key buffers.
